# JRE version: Java(TM) SE Runtime Environment (8.0_144-b01) (build 1.8.0_144-b01)
# Java VM: Java HotSpot(TM) 64-Bit Server VM (25.144-b01 mixed mode windows-amd64 compressed oops)
Heap:
 PSYoungGen      total 241152K, used 45154K [0x0000000741000000, 0x0000000752c80000, 0x00000007c0000000)
  eden space 192000K, 23% used [0x0000000741000000,0x0000000743c18a68,0x000000074cb80000)
  from space 49152K, 0% used [0x000000074fc80000,0x000000074fc80000,0x0000000752c80000)
  to   space 49664K, 0% used [0x000000074cb80000,0x000000074cb80000,0x000000074fc00000)
 ParOldGen       total 214016K, used 65206K [0x0000000643000000, 0x0000000650100000, 0x0000000741000000)
  object space 214016K, 30% used [0x0000000643000000,0x0000000646fad9e0,0x0000000650100000)
 Metaspace       used 35682K, capacity 36648K, committed 36824K, reserved 1081344K
  class space    used 4573K, capacity 4793K, committed 4864K, reserved 1048576K
GC Heap History (10 events):
Event: 57.918 GC heap before
{Heap before GC invocations=6 (full 1):
 PSYoungGen      total 114176K, used 113854K [0x0000000741000000, 0x0000000748f00000, 0x00000007c0000000)
  eden space 98304K, 99% used [0x0000000741000000,0x0000000746ffff68,0x0000000747000000)
  from space 15872K, 97% used [0x0000000747f80000,0x0000000748eafc30,0x0000000748f00000)
  to   space 15872K, 0% used [0x0000000747000000,0x0000000747000000,0x0000000747f80000)
 ParOldGen       total 177664K, used 87704K [0x0000000643000000, 0x000000064dd80000, 0x0000000741000000)
  object space 177664K, 49% used [0x0000000643000000,0x00000006485a60b0,0x000000064dd80000)
 Metaspace       used 34417K, capacity 35272K, committed 35416K, reserved 1079296K
  class space    used 4459K, capacity 4641K, committed 4736K, reserved 1048576K
Event: 57.923 GC heap after
Heap after GC invocations=6 (full 1):
 PSYoungGen      total 112128K, used 15867K [0x0000000741000000, 0x000000074d400000, 0x00000007c0000000)
  eden space 96256K, 0% used [0x0000000741000000,0x0000000741000000,0x0000000746e00000)
  from space 15872K, 99% used [0x0000000747000000,0x0000000747f7efc0,0x0000000747f80000)
  to   space 52224K, 0% used [0x000000074a100000,0x000000074a100000,0x000000074d400000)
 ParOldGen       total 177664K, used 88338K [0x0000000643000000, 0x000000064dd80000, 0x0000000741000000)
  object space 177664K, 49% used [0x0000000643000000,0x00000006486449b8,0x000000064dd80000)
 Metaspace       used 34417K, capacity 35272K, committed 35416K, reserved 1079296K
  class space    used 4459K, capacity 4641K, committed 4736K, reserved 1048576K
}
Event: 57.939 GC heap before
{Heap before GC invocations=7 (full 1):
 PSYoungGen      total 112128K, used 112055K [0x0000000741000000, 0x000000074d400000, 0x00000007c0000000)
  eden space 96256K, 99% used [0x0000000741000000,0x0000000746deece0,0x0000000746e00000)
  from space 15872K, 99% used [0x0000000747000000,0x0000000747f7efc0,0x0000000747f80000)
  to   space 52224K, 0% used [0x000000074a100000,0x000000074a100000,0x000000074d400000)
 ParOldGen       total 177664K, used 88338K [0x0000000643000000, 0x000000064dd80000, 0x0000000741000000)
  object space 177664K, 49% used [0x0000000643000000,0x00000006486449b8,0x000000064dd80000)
 Metaspace       used 34425K, capacity 35306K, committed 35416K, reserved 1079296K
  class space    used 4461K, capacity 4674K, committed 4736K, reserved 1048576K
Event: 57.943 GC heap after
Heap after GC invocations=7 (full 1):
 PSYoungGen      total 148992K, used 12440K [0x0000000741000000, 0x0000000752d80000, 0x00000007c0000000)
  eden space 96768K, 0% used [0x0000000741000000,0x0000000741000000,0x0000000746e80000)
  from space 52224K, 23% used [0x000000074a100000,0x000000074ad26390,0x000000074d400000)
  to   space 51712K, 0% used [0x0000000746e80000,0x0000000746e80000,0x000000074a100000)
 ParOldGen       total 177664K, used 88346K [0x0000000643000000, 0x000000064dd80000, 0x0000000741000000)
  object space 177664K, 49% used [0x0000000643000000,0x00000006486469b8,0x000000064dd80000)
 Metaspace       used 34425K, capacity 35306K, committed 35416K, reserved 1079296K
  class space    used 4461K, capacity 4674K, committed 4736K, reserved 1048576K
}
Event: 57.954 GC heap before
{Heap before GC invocations=8 (full 1):
 PSYoungGen      total 148992K, used 109189K [0x0000000741000000, 0x0000000752d80000, 0x00000007c0000000)
  eden space 96768K, 99% used [0x0000000741000000,0x0000000746e7b1d0,0x0000000746e80000)
  from space 52224K, 23% used [0x000000074a100000,0x000000074ad26390,0x000000074d400000)
  to   space 51712K, 0% used [0x0000000746e80000,0x0000000746e80000,0x000000074a100000)
 ParOldGen       total 177664K, used 88346K [0x0000000643000000, 0x000000064dd80000, 0x0000000741000000)
  object space 177664K, 49% used [0x0000000643000000,0x00000006486469b8,0x000000064dd80000)
 Metaspace       used 34425K, capacity 35306K, committed 35416K, reserved 1079296K
  class space    used 4461K, capacity 4674K, committed 4736K, reserved 1048576K
Event: 57.956 GC heap after
Heap after GC invocations=8 (full 1):
 PSYoungGen      total 148480K, used 11882K [0x0000000741000000, 0x0000000752e00000, 0x00000007c0000000)
  eden space 96768K, 0% used [0x0000000741000000,0x0000000741000000,0x0000000746e80000)
  from space 51712K, 22% used [0x0000000746e80000,0x0000000747a1abd0,0x000000074a100000)
  to   space 50688K, 0% used [0x000000074fc80000,0x000000074fc80000,0x0000000752e00000)
 ParOldGen       total 177664K, used 88354K [0x0000000643000000, 0x000000064dd80000, 0x0000000741000000)
  object space 177664K, 49% used [0x0000000643000000,0x00000006486489b8,0x000000064dd80000)
 Metaspace       used 34425K, capacity 35306K, committed 35416K, reserved 1079296K
  class space    used 4461K, capacity 4674K, committed 4736K, reserved 1048576K
}
Event: 57.969 GC heap before
{Heap before GC invocations=9 (full 1):
 PSYoungGen      total 148480K, used 38303K [0x0000000741000000, 0x0000000752e00000, 0x00000007c0000000)
  eden space 96768K, 27% used [0x0000000741000000,0x00000007429cd218,0x0000000746e80000)
  from space 51712K, 22% used [0x0000000746e80000,0x0000000747a1abd0,0x000000074a100000)
  to   space 50688K, 0% used [0x000000074fc80000,0x000000074fc80000,0x0000000752e00000)
 ParOldGen       total 177664K, used 88354K [0x0000000643000000, 0x000000064dd80000, 0x0000000741000000)
  object space 177664K, 49% used [0x0000000643000000,0x00000006486489b8,0x000000064dd80000)
 Metaspace       used 34452K, capacity 35306K, committed 35416K, reserved 1079296K
  class space    used 4462K, capacity 4674K, committed 4736K, reserved 1048576K
Event: 57.973 GC heap after
Heap after GC invocations=9 (full 1):
 PSYoungGen      total 241152K, used 11378K [0x0000000741000000, 0x0000000752c80000, 0x00000007c0000000)
  eden space 192000K, 0% used [0x0000000741000000,0x0000000741000000,0x000000074cb80000)
  from space 49152K, 23% used [0x000000074fc80000,0x000000075079c880,0x0000000752c80000)
  to   space 49664K, 0% used [0x000000074cb80000,0x000000074cb80000,0x000000074fc00000)
 ParOldGen       total 177664K, used 90459K [0x0000000643000000, 0x000000064dd80000, 0x0000000741000000)
  object space 177664K, 50% used [0x0000000643000000,0x0000000648856ca0,0x000000064dd80000)
 Metaspace       used 34452K, capacity 35306K, committed 35416K, reserved 1079296K
  class space    used 4462K, capacity 4674K, committed 4736K, reserved 1048576K
}
Event: 57.973 GC heap before
{Heap before GC invocations=10 (full 2):
 PSYoungGen      total 241152K, used 11378K [0x0000000741000000, 0x0000000752c80000, 0x00000007c0000000)
  eden space 192000K, 0% used [0x0000000741000000,0x0000000741000000,0x000000074cb80000)
  from space 49152K, 23% used [0x000000074fc80000,0x000000075079c880,0x0000000752c80000)
  to   space 49664K, 0% used [0x000000074cb80000,0x000000074cb80000,0x000000074fc00000)
 ParOldGen       total 177664K, used 90459K [0x0000000643000000, 0x000000064dd80000, 0x0000000741000000)
  object space 177664K, 50% used [0x0000000643000000,0x0000000648856ca0,0x000000064dd80000)
 Metaspace       used 34452K, capacity 35306K, committed 35416K, reserved 1079296K
  class space    used 4462K, capacity 4674K, committed 4736K, reserved 1048576K
Event: 57.996 GC heap after
Heap after GC invocations=10 (full 2):
 PSYoungGen      total 241152K, used 0K [0x0000000741000000, 0x0000000752c80000, 0x00000007c0000000)
  eden space 192000K, 0% used [0x0000000741000000,0x0000000741000000,0x000000074cb80000)
  from space 49152K, 0% used [0x000000074fc80000,0x000000074fc80000,0x0000000752c80000)
  to   space 49664K, 0% used [0x000000074cb80000,0x000000074cb80000,0x000000074fc00000)
 ParOldGen       total 214016K, used 65206K [0x0000000643000000, 0x0000000650100000, 0x0000000741000000)
  object space 214016K, 30% used [0x0000000643000000,0x0000000646fad9e0,0x0000000650100000)
 Metaspace       used 34452K, capacity 35306K, committed 35416K, reserved 1079296K
  class space    used 4462K, capacity 4674K, committed 4736K, reserved 1048576K
}

